build/app/intermediates/manifest_merge_blame_file/release/manifest-merger-blame-release-report.txt
1<?xml version="1.0" encoding="utf-8"?>
2<manifest xmlns:android="http://schemas.android.com/apk/res/android"
3    package="com.dassani.Auth"
4    android:versionCode="1"
5    android:versionName="1.0.0" >
6
7    <uses-sdk
8        android:minSdkVersion="16"
8-->src/main/AndroidManifest.xml
9        android:targetSdkVersion="28" />
9-->src/main/AndroidManifest.xml
10
11    <uses-permission android:name="android.permission.INTERNET" />
11-->[:google_sign_in] AndroidManifest.xml:7:5-67
11-->[:google_sign_in] AndroidManifest.xml:7:22-64
12    <!--
13 io.flutter.app.FlutterApplication is an android.app.Application that
14         calls FlutterMain.startInitialization(this); in its onCreate method.
15         In most cases you can leave this as-is, but you if you want to provide
16         additional functionality it is fine to subclass or reimplement
17         FlutterApplication and put your custom class here.
18    -->
19    <application
19-->src/main/AndroidManifest.xml:7:3-40:17
20        android:name="io.flutter.app.FlutterApplication"
20-->src/main/AndroidManifest.xml:7:16-64
21        android:appComponentFactory="androidx.core.app.CoreComponentFactory"
21-->[androidx.core:core:1.1.0] AndroidManifest.xml:24:18-86
22        android:icon="@mipmap/ic_launcher"
22-->src/main/AndroidManifest.xml:7:86-120
23        android:label="Auth"
23-->src/main/AndroidManifest.xml:7:65-85
24        android:supportsRtl="true" >
24-->[com.facebook.android:facebook-login:5.5.1] AndroidManifest.xml:28:18-44
25        <activity
25-->src/main/AndroidManifest.xml:8:5-24:16
26            android:name="com.example.Auth.MainActivity"
26-->src/main/AndroidManifest.xml:8:15-43
27            android:configChanges="orientation|keyboardHidden|keyboard|screenSize|smallestScreenSize|locale|layoutDirection|fontScale|screenLayout|density|uiMode"
27-->src/main/AndroidManifest.xml:8:110-260
28            android:hardwareAccelerated="true"
28-->src/main/AndroidManifest.xml:8:261-295
29            android:launchMode="singleTop"
29-->src/main/AndroidManifest.xml:8:44-74
30            android:theme="@style/LaunchTheme"
30-->src/main/AndroidManifest.xml:8:75-109
31            android:windowSoftInputMode="adjustResize" >
31-->src/main/AndroidManifest.xml:8:296-338
32
33            <!--
34           Specifies an Android theme to apply to this Activity as soon as
35                 the Android process has started. This theme is visible to the user
36                 while the Flutter UI initializes. After that, this theme continues
37                 to determine the Window background behind the Flutter UI.
38            -->
39            <meta-data
39-->src/main/AndroidManifest.xml:13:7-114
40                android:name="io.flutter.embedding.android.NormalTheme"
40-->src/main/AndroidManifest.xml:13:18-73
41                android:resource="@style/NormalTheme" />
41-->src/main/AndroidManifest.xml:13:74-111
42            <!--
43           Displays an Android View that continues showing the launch screen
44                 Drawable until Flutter paints its first frame, then this splash
45                 screen fades out. A splash screen is useful to avoid any visual
46                 gap between the end of Android's launch screen and the painting of
47                 Flutter's first frame.
48            -->
49            <meta-data
49-->src/main/AndroidManifest.xml:19:7-132
50                android:name="io.flutter.embedding.android.SplashScreenDrawable"
50-->src/main/AndroidManifest.xml:19:18-82
51                android:resource="@drawable/launch_background" />
51-->src/main/AndroidManifest.xml:19:83-129
52
53            <intent-filter>
53-->src/main/AndroidManifest.xml:20:7-23:23
54                <action android:name="android.intent.action.MAIN" />
54-->src/main/AndroidManifest.xml:21:9-60
54-->src/main/AndroidManifest.xml:21:17-58
55
56                <category android:name="android.intent.category.LAUNCHER" />
56-->src/main/AndroidManifest.xml:22:9-68
56-->src/main/AndroidManifest.xml:22:19-66
57            </intent-filter>
58        </activity>
59
60        <meta-data
60-->src/main/AndroidManifest.xml:25:5-103
61            android:name="com.facebook.sdk.ApplicationId"
61-->src/main/AndroidManifest.xml:25:16-61
62            android:value="@string/facebook_app_id" />
62-->src/main/AndroidManifest.xml:25:62-101
63
64        <activity
64-->src/main/AndroidManifest.xml:26:5-27:102
65            android:name="com.facebook.FacebookActivity"
65-->src/main/AndroidManifest.xml:26:15-59
66            android:configChanges="keyboard|keyboardHidden|screenLayout|screenSize|orientation"
66-->src/main/AndroidManifest.xml:26:60-148
67            android:label="@string/app_name"
67-->src/main/AndroidManifest.xml:27:67-99
68            android:theme="@style/com_facebook_activity_theme" />
68-->[com.facebook.android:facebook-common:5.5.1] AndroidManifest.xml:32:13-63
69        <activity
69-->src/main/AndroidManifest.xml:29:5-36:16
70            android:name="com.facebook.CustomTabActivity"
70-->src/main/AndroidManifest.xml:29:15-60
71            android:exported="true" >
71-->src/main/AndroidManifest.xml:29:61-84
72            <intent-filter>
72-->src/main/AndroidManifest.xml:30:7-35:23
73                <action android:name="android.intent.action.VIEW" />
73-->src/main/AndroidManifest.xml:31:9-61
73-->src/main/AndroidManifest.xml:31:17-58
74
75                <category android:name="android.intent.category.DEFAULT" />
75-->src/main/AndroidManifest.xml:32:9-68
75-->src/main/AndroidManifest.xml:32:19-65
76                <category android:name="android.intent.category.BROWSABLE" />
76-->src/main/AndroidManifest.xml:33:9-70
76-->src/main/AndroidManifest.xml:33:19-67
77
78                <data android:scheme="@string/fb_login_protocol_scheme" />
78-->src/main/AndroidManifest.xml:34:9-67
78-->src/main/AndroidManifest.xml:34:15-64
79            </intent-filter>
80        </activity>
81        <!--
82         Don't delete the meta-data below.
83             This is used by the Flutter tool to generate GeneratedPluginRegistrant.java
84        -->
85        <meta-data
85-->src/main/AndroidManifest.xml:39:5-68
86            android:name="flutterEmbedding"
86-->src/main/AndroidManifest.xml:39:16-47
87            android:value="2" />
87-->src/main/AndroidManifest.xml:39:48-65
88
89        <service
89-->[:firebase_auth] AndroidManifest.xml:8:9-12:19
90            android:name="com.google.firebase.components.ComponentDiscoveryService"
90-->[:firebase_auth] AndroidManifest.xml:8:18-89
91            android:directBootAware="true"
91-->[com.google.firebase:firebase-common:19.3.0] AndroidManifest.xml:34:13-43
92            android:exported="false" >
92-->[com.google.firebase:firebase-auth:19.2.0] AndroidManifest.xml:35:13-37
93            <meta-data
93-->[:firebase_auth] AndroidManifest.xml:9:13-11:85
94                android:name="com.google.firebase.components:io.flutter.plugins.firebaseauth.FlutterFirebaseAppRegistrar"
94-->[:firebase_auth] AndroidManifest.xml:10:17-122
95                android:value="com.google.firebase.components.ComponentRegistrar" />
95-->[:firebase_auth] AndroidManifest.xml:11:17-82
96            <meta-data
96-->[:firebase_core] AndroidManifest.xml:9:13-11:85
97                android:name="com.google.firebase.components:io.flutter.plugins.firebase.core.FlutterFirebaseAppRegistrar"
97-->[:firebase_core] AndroidManifest.xml:10:17-123
98                android:value="com.google.firebase.components.ComponentRegistrar" />
98-->[:firebase_core] AndroidManifest.xml:11:17-82
99            <meta-data
99-->[com.google.firebase:firebase-auth:19.2.0] AndroidManifest.xml:36:13-38:85
100                android:name="com.google.firebase.components:com.google.firebase.auth.FirebaseAuthRegistrar"
100-->[com.google.firebase:firebase-auth:19.2.0] AndroidManifest.xml:37:17-109
101                android:value="com.google.firebase.components.ComponentRegistrar" />
101-->[com.google.firebase:firebase-auth:19.2.0] AndroidManifest.xml:38:17-82
102        </service>
103
104        <activity
104-->[com.google.firebase:firebase-auth:19.2.0] AndroidManifest.xml:24:9-31:50
105            android:name="com.google.firebase.auth.internal.FederatedSignInActivity"
105-->[com.google.firebase:firebase-auth:19.2.0] AndroidManifest.xml:25:13-85
106            android:excludeFromRecents="true"
106-->[com.google.firebase:firebase-auth:19.2.0] AndroidManifest.xml:26:13-46
107            android:exported="true"
107-->[com.google.firebase:firebase-auth:19.2.0] AndroidManifest.xml:27:13-36
108            android:launchMode="singleTask"
108-->[com.google.firebase:firebase-auth:19.2.0] AndroidManifest.xml:28:13-44
109            android:permission="com.google.firebase.auth.api.gms.permission.LAUNCH_FEDERATED_SIGN_IN"
109-->[com.google.firebase:firebase-auth:19.2.0] AndroidManifest.xml:29:13-102
110            android:theme="@android:style/Theme.Translucent.NoTitleBar" />
110-->[com.google.firebase:firebase-auth:19.2.0] AndroidManifest.xml:30:13-72
111        <activity
111-->[com.google.android.gms:play-services-auth:16.0.1] AndroidManifest.xml:23:9-27:75
112            android:name="com.google.android.gms.auth.api.signin.internal.SignInHubActivity"
112-->[com.google.android.gms:play-services-auth:16.0.1] AndroidManifest.xml:24:13-93
113            android:excludeFromRecents="true"
113-->[com.google.android.gms:play-services-auth:16.0.1] AndroidManifest.xml:25:13-46
114            android:exported="false"
114-->[com.google.android.gms:play-services-auth:16.0.1] AndroidManifest.xml:26:13-37
115            android:theme="@android:style/Theme.Translucent.NoTitleBar" />
115-->[com.google.android.gms:play-services-auth:16.0.1] AndroidManifest.xml:27:13-72
116        <!--
117            Service handling Google Sign-In user revocation. For apps that do not integrate with
118            Google Sign-In, this service will never be started.
119        -->
120        <service
120-->[com.google.android.gms:play-services-auth:16.0.1] AndroidManifest.xml:33:9-36:110
121            android:name="com.google.android.gms.auth.api.signin.RevocationBoundService"
121-->[com.google.android.gms:play-services-auth:16.0.1] AndroidManifest.xml:34:13-89
122            android:exported="true"
122-->[com.google.android.gms:play-services-auth:16.0.1] AndroidManifest.xml:35:13-36
123            android:permission="com.google.android.gms.auth.api.signin.permission.REVOCATION_NOTIFICATION" />
123-->[com.google.android.gms:play-services-auth:16.0.1] AndroidManifest.xml:36:13-107
124
125        <activity
125-->[com.google.android.gms:play-services-base:17.1.0] AndroidManifest.xml:23:9-26:75
126            android:name="com.google.android.gms.common.api.GoogleApiActivity"
126-->[com.google.android.gms:play-services-base:17.1.0] AndroidManifest.xml:24:13-79
127            android:exported="false"
127-->[com.google.android.gms:play-services-base:17.1.0] AndroidManifest.xml:25:13-37
128            android:theme="@android:style/Theme.Translucent.NoTitleBar" />
128-->[com.google.android.gms:play-services-base:17.1.0] AndroidManifest.xml:26:13-72
129
130        <provider
130-->[com.google.firebase:firebase-common:19.3.0] AndroidManifest.xml:26:9-30:39
131            android:name="com.google.firebase.provider.FirebaseInitProvider"
131-->[com.google.firebase:firebase-common:19.3.0] AndroidManifest.xml:27:13-77
132            android:authorities="com.dassani.Auth.firebaseinitprovider"
132-->[com.google.firebase:firebase-common:19.3.0] AndroidManifest.xml:28:13-72
133            android:exported="false"
133-->[com.google.firebase:firebase-common:19.3.0] AndroidManifest.xml:29:13-37
134            android:initOrder="100" />
134-->[com.google.firebase:firebase-common:19.3.0] AndroidManifest.xml:30:13-36
135
136        <meta-data
136-->[com.google.android.gms:play-services-basement:17.0.0] AndroidManifest.xml:23:9-25:69
137            android:name="com.google.android.gms.version"
137-->[com.google.android.gms:play-services-basement:17.0.0] AndroidManifest.xml:24:13-58
138            android:value="@integer/google_play_services_version" />
138-->[com.google.android.gms:play-services-basement:17.0.0] AndroidManifest.xml:25:13-66
139
140        <activity android:name="com.facebook.CustomTabMainActivity" />
140-->[com.facebook.android:facebook-common:5.5.1] AndroidManifest.xml:33:9-71
140-->[com.facebook.android:facebook-common:5.5.1] AndroidManifest.xml:33:19-68
141        <!--
142         The initialization ContentProvider will call FacebookSdk.sdkInitialize automatically
143         with the application context. This config is merged in with the host app's manifest,
144         but there can only be one provider with the same authority activated at any given
145         point; so if the end user has two or more different apps that use Facebook SDK, only the
146         first one will be able to use the provider. To work around this problem, we use the
147         following placeholder in the authority to identify each host application as if it was
148         a completely different provider.
149        -->
150        <provider
150-->[com.facebook.android:facebook-core:5.5.1] AndroidManifest.xml:39:9-42:40
151            android:name="com.facebook.internal.FacebookInitProvider"
151-->[com.facebook.android:facebook-core:5.5.1] AndroidManifest.xml:40:13-70
152            android:authorities="com.dassani.Auth.FacebookInitProvider"
152-->[com.facebook.android:facebook-core:5.5.1] AndroidManifest.xml:41:13-72
153            android:exported="false" />
153-->[com.facebook.android:facebook-core:5.5.1] AndroidManifest.xml:42:13-37
154
155        <receiver
155-->[com.facebook.android:facebook-core:5.5.1] AndroidManifest.xml:44:9-50:20
156            android:name="com.facebook.CurrentAccessTokenExpirationBroadcastReceiver"
156-->[com.facebook.android:facebook-core:5.5.1] AndroidManifest.xml:45:13-86
157            android:exported="false" >
157-->[com.facebook.android:facebook-core:5.5.1] AndroidManifest.xml:46:13-37
158            <intent-filter>
158-->[com.facebook.android:facebook-core:5.5.1] AndroidManifest.xml:47:13-49:29
159                <action android:name="com.facebook.sdk.ACTION_CURRENT_ACCESS_TOKEN_CHANGED" />
159-->[com.facebook.android:facebook-core:5.5.1] AndroidManifest.xml:48:17-95
159-->[com.facebook.android:facebook-core:5.5.1] AndroidManifest.xml:48:25-92
160            </intent-filter>
161        </receiver>
162        <receiver
162-->[com.facebook.android:facebook-core:5.5.1] AndroidManifest.xml:51:9-58:20
163            android:name="com.facebook.CampaignTrackingReceiver"
163-->[com.facebook.android:facebook-core:5.5.1] AndroidManifest.xml:52:13-65
164            android:exported="true"
164-->[com.facebook.android:facebook-core:5.5.1] AndroidManifest.xml:53:13-36
165            android:permission="android.permission.INSTALL_PACKAGES" >
165-->[com.facebook.android:facebook-core:5.5.1] AndroidManifest.xml:54:13-69
166            <intent-filter>
166-->[com.facebook.android:facebook-core:5.5.1] AndroidManifest.xml:55:13-57:29
167                <action android:name="com.android.vending.INSTALL_REFERRER" />
167-->[com.facebook.android:facebook-core:5.5.1] AndroidManifest.xml:56:17-79
167-->[com.facebook.android:facebook-core:5.5.1] AndroidManifest.xml:56:25-76
168            </intent-filter>
169        </receiver>
170    </application>
171
172</manifest>